D:\develop\vsworkspace\WebFormCases2\WebFormCases2\ts_files\aliasOfNamespace.js
D:\develop\vsworkspace\WebFormCases2\WebFormCases2\ts_files\aliasOfNamespace.js.map
D:\develop\vsworkspace\WebFormCases2\WebFormCases2\ts_files\Importdts.js
D:\develop\vsworkspace\WebFormCases2\WebFormCases2\ts_files\Importdts.js.map
D:\develop\vsworkspace\WebFormCases2\WebFormCases2\ts_files\ImportMathLib.js
D:\develop\vsworkspace\WebFormCases2\WebFormCases2\ts_files\ImportMathLib.js.map
D:\develop\vsworkspace\WebFormCases2\WebFormCases2\ts_files\interface_exe.js
D:\develop\vsworkspace\WebFormCases2\WebFormCases2\ts_files\interface_exe.js.map
D:\develop\vsworkspace\WebFormCases2\WebFormCases2\ts_files\shapes.js
D:\develop\vsworkspace\WebFormCases2\WebFormCases2\ts_files\shapes.js.map
D:\develop\vsworkspace\WebFormCases2\WebFormCases2\ts_files\shapesCustomer.js
D:\develop\vsworkspace\WebFormCases2\WebFormCases2\ts_files\shapesCustomer.js.map
D:\develop\vsworkspace\WebFormCases2\WebFormCases2\ts_files\StringValidator.js
D:\develop\vsworkspace\WebFormCases2\WebFormCases2\ts_files\StringValidator.js.map
D:\develop\vsworkspace\WebFormCases2\WebFormCases2\ts_files\Validators.js
D:\develop\vsworkspace\WebFormCases2\WebFormCases2\ts_files\Validators.js.map
D:\develop\vsworkspace\WebFormCases2\WebFormCases2\ts_files\StringValidatorNamespace.js
D:\develop\vsworkspace\WebFormCases2\WebFormCases2\ts_files\StringValidatorNamespace.js.map
D:\develop\vsworkspace\WebFormCases2\WebFormCases2\ts_files\Teacher.js
D:\develop\vsworkspace\WebFormCases2\WebFormCases2\ts_files\Teacher.js.map
D:\develop\vsworkspace\WebFormCases2\WebFormCases2\ts_files\ZipCodeValidatorNamespace.js
D:\develop\vsworkspace\WebFormCases2\WebFormCases2\ts_files\ZipCodeValidatorNamespace.js.map
D:\develop\vsworkspace\WebFormCases2\WebFormCases2\ts_files\TestNamespace.js
D:\develop\vsworkspace\WebFormCases2\WebFormCases2\ts_files\TestNamespace.js.map
D:\develop\vsworkspace\WebFormCases2\WebFormCases2\ts_files\ZipCodeValidator.js
D:\develop\vsworkspace\WebFormCases2\WebFormCases2\ts_files\ZipCodeValidator.js.map
